2026-03-10 17:18:18,205 - INFO - ======================================================================
2026-03-10 17:18:18,206 - INFO -  DESINSTALADOR COMPLETO DO OFFICE
2026-03-10 17:18:18,207 - INFO - ======================================================================
2026-03-10 17:18:30,278 - INFO - 
[1/7] Parando processos do Office...
2026-03-10 17:18:30,279 - INFO - Parando processos do Office...
2026-03-10 17:18:39,483 - INFO - 
[2/7] Parando serviços do Office...
2026-03-10 17:18:39,484 - INFO - Parando serviços do Office...
2026-03-10 17:18:42,496 - INFO - 
[3/7] Procurando Office no registro...
2026-03-10 17:18:42,512 - INFO - Procurando Office no registro do Windows...
2026-03-10 17:18:42,515 - INFO - Encontrado: Microsoft 365 Apps para Grandes Empresas - pt-br
2026-03-10 17:18:42,519 - INFO - Encontrado: Microsoft Teams Meeting Add-in for Microsoft Office
2026-03-10 17:18:42,521 - INFO - Encontrados 2 produtos Office
2026-03-10 17:18:42,522 - INFO -  - Microsoft 365 Apps para Grandes Empresas - pt-br
2026-03-10 17:18:42,522 - INFO -  - Microsoft Teams Meeting Add-in for Microsoft Office
2026-03-10 17:18:42,522 - INFO - 
[4/7] Desinstalando Office Click-to-Run...
2026-03-10 17:18:42,523 - INFO - Tentando desinstalar Office Click-to-Run...
2026-03-10 17:18:42,523 - INFO - Executando desinstalador: C:\Program Files\Common Files\microsoft shared\ClickToRun\OfficeClickToRun.exe
2026-03-10 17:18:50,496 - INFO - 
[5/7] Desinstalando via PowerShell...
2026-03-10 17:18:50,497 - INFO - Desinstalando Office via PowerShell...
2026-03-10 17:18:54,307 - INFO - 
[6/7] Limpando pastas do Office...
2026-03-10 17:18:54,308 - INFO - Limpando pastas do Office...
2026-03-10 17:18:54,310 - INFO - Removendo: C:\Program Files\Microsoft Office
2026-03-10 17:18:59,094 - INFO - Removendo: C:\Program Files\Microsoft Office 15
2026-03-10 17:18:59,158 - INFO - Removendo: C:\Users\ladminsvcresende\AppData\Local\Microsoft\Office
2026-03-10 17:18:59,542 - INFO - 
[7/7] Limpando registro...
2026-03-10 17:18:59,543 - INFO - Limpando registro do Office...
2026-03-10 17:19:03,899 - INFO - 
======================================================================
2026-03-10 17:19:03,909 - INFO - ======================================================================
2026-03-10 17:19:03,910 - INFO - 
Recomendaçőes:
2026-03-10 17:19:03,910 - INFO -  1. Reinicie o computador
2026-03-10 17:19:03,911 - INFO -  2. Verifique se algum programa do Office ainda está instalado
2026-03-10 17:19:03,911 - INFO -  3. Execute a ferramenta oficial da Microsoft se necessário
